Change Component Designator: Old Designator=C3 New Designator=C5
Change Component Designator: Old Designator=C6 New Designator=C7
Change Component Designator: Old Designator=C7 New Designator=C8
Change Component Designator: Old Designator=C8 New Designator=C9
Change Component Designator: Old Designator=C14 New Designator=C6
Change Component Designator: Old Designator=D1 New Designator=D2
Change Component Designator: Old Designator=D2 New Designator=D4
Change Component Designator: Old Designator=D3 New Designator=D5
Change Component Designator: Old Designator=D4 New Designator=D6
Change Component Designator: Old Designator=D5 New Designator=D7
Change Component Designator: Old Designator=D6 New Designator=D8
Change Component Designator: Old Designator=D7 New Designator=D17
Change Component Designator: Old Designator=D8 New Designator=D18
Change Component Designator: Old Designator=D9 New Designator=D19
Change Component Designator: Old Designator=D11 New Designator=D3
Change Component Designator: Old Designator=D15 New Designator=D9
Change Component Designator: Old Designator=D16 New Designator=D10
Change Component Designator: Old Designator=D17 New Designator=D11
Change Component Designator: Old Designator=D18 New Designator=D12
Change Component Designator: Old Designator=D19 New Designator=D13
Change Component Designator: Old Designator=D20 New Designator=D14
Change Component Designator: Old Designator=D21 New Designator=D15
Change Component Designator: Old Designator=D22 New Designator=D16
Change Component Designator: Old Designator=R2 New Designator=R5
Change Component Designator: Old Designator=R3 New Designator=R6
Change Component Designator: Old Designator=R4 New Designator=R8
Change Component Designator: Old Designator=R5 New Designator=R17
Change Component Designator: Old Designator=R6 New Designator=R27
Change Component Designator: Old Designator=R7 New Designator=R28
Change Component Designator: Old Designator=R8 New Designator=R7
Change Component Designator: Old Designator=R9 New Designator=R26
Change Component Designator: Old Designator=R10 New Designator=R29
Change Component Designator: Old Designator=R11 New Designator=R2
Change Component Designator: Old Designator=R33 New Designator=R9
Change Component Designator: Old Designator=R34 New Designator=R10
Change Component Designator: Old Designator=R35 New Designator=R11
Change Component Designator: Old Designator=R36 New Designator=R12
Change Component Designator: Old Designator=R37 New Designator=R13
Change Component Designator: Old Designator=R38 New Designator=R14
Change Component Designator: Old Designator=R39 New Designator=R15
Change Component Designator: Old Designator=R40 New Designator=R16
Change Component Designator: Old Designator=R41 New Designator=R18
Change Component Designator: Old Designator=R42 New Designator=R19
Change Component Designator: Old Designator=R43 New Designator=R20
Change Component Designator: Old Designator=R44 New Designator=R21
Change Component Designator: Old Designator=R45 New Designator=R22
Change Component Designator: Old Designator=R46 New Designator=R23
Change Component Designator: Old Designator=R47 New Designator=R24
Change Component Designator: Old Designator=R48 New Designator=R25
Change Component Designator: Old Designator=R49 New Designator=R3
Change Component Designator: Old Designator=R50 New Designator=R4
Change Component Designator: Old Designator=TP27 New Designator=TP35
Change Component Designator: Old Designator=TP28 New Designator=TP38
Change Component Designator: Old Designator=TP29 New Designator=TP28
Change Component Designator: Old Designator=TP31 New Designator=TP32
Change Component Designator: Old Designator=TP32 New Designator=TP34
Change Component Designator: Old Designator=TP33 New Designator=TP37
Change Component Designator: Old Designator=TP34 New Designator=TP40
Change Component Designator: Old Designator=TP35 New Designator=TP41
Change Component Designator: Old Designator=TP36 New Designator=TP42
Change Component Designator: Old Designator=TP37 New Designator=TP43
Change Component Designator: Old Designator=TP38 New Designator=TP44
Change Component Designator: Old Designator=TP39 New Designator=TP27
Change Component Designator: Old Designator=TP40 New Designator=TP29
Change Component Designator: Old Designator=TP41 New Designator=TP31
Change Component Designator: Old Designator=TP42 New Designator=TP33
Change Component Designator: Old Designator=TP43 New Designator=TP36
Change Component Designator: Old Designator=TP44 New Designator=TP39
Change Component Designator: Old Designator=U1 New Designator=U2
