Removed Member From Class: ClassName=MAIN_DRIVER Member=C2
Removed Member From Class: ClassName=MAIN_DRIVER Member=C3
Removed Member From Class: ClassName=MAIN_DRIVER Member=U1
Change Component Footprint: Designator=TP27 Old Footprint=PCBComponent_1 New Footprint=ROUND_SMALL
Change Component Footprint: Designator=TP29 Old Footprint=PCBComponent_1 New Footprint=ROUND_SMALL
Change Component Footprint: Designator=TP31 Old Footprint=PCBComponent_1 New Footprint=ROUND_SMALL
Change Component Footprint: Designator=TP33 Old Footprint=PCBComponent_1 New Footprint=ROUND_SMALL
Change Component Footprint: Designator=TP36 Old Footprint=PCBComponent_1 New Footprint=ROUND_SMALL
Change Component Footprint: Designator=TP39 Old Footprint=PCBComponent_1 New Footprint=ROUND_SMALL
Add Pin To Net: Unknown Pin: Pin C6-1
Add Pin To Net: Unknown Pin: Pin C6-2
Added Pin To Net: NetName=OUT3 Pin=TP26-1
Add Class: Class already exists: Designator
Added Member To Class: ClassName=Designator Member=Component C2 Capacitor
Added Member To Class: ClassName=MAIN_DRIVER Member=Component C5 Capacitor
Add Class Member: Failed to add class member : Component C6 Capacitor
Added Member To Class: ClassName=Designator Member=Component TP4 Value
Added Member To Class: ClassName=Designator Member=Component TP8 Value
Added Member To Class: ClassName=Designator Member=Component TP10 Value
Added Member To Class: ClassName=Designator Member=Component TP12 Value
Added Member To Class: ClassName=MAIN_DRIVER Member=Component TP27 =Value
Added Member To Class: ClassName=MAIN_DRIVER Member=Component TP28 =Value
Added Member To Class: ClassName=MAIN_DRIVER Member=Component U2 AD9833WBRMZ-REEL
