Change Component Footprint: Designator=TP24 Old Footprint=PCBComponent_1 New Footprint=ROUND_SMALL
Add Pin To Net: Unknown Pin: Pin C3-1
Add Pin To Net: Unknown Pin: Pin C3-2
Add Pin To Net: Unknown Pin: Pin C6-1
Add Pin To Net: Unknown Pin: Pin C6-2
Add Pin To Net: Unknown Pin: Pin C7-1
Add Pin To Net: Unknown Pin: Pin C7-2
Add Pin To Net: Unknown Pin: Pin C8-1
Add Pin To Net: Unknown Pin: Pin C8-2
Add Pin To Net: Unknown Pin: Pin D1-1
Add Pin To Net: Unknown Pin: Pin D1-2
Add Pin To Net: Unknown Pin: Pin D2-1
Add Pin To Net: Unknown Pin: Pin D2-2
Add Pin To Net: Unknown Pin: Pin D3-1
Add Pin To Net: Unknown Pin: Pin D3-2
Add Pin To Net: Unknown Pin: Pin D4-1
Add Pin To Net: Unknown Pin: Pin D4-2
Add Pin To Net: Unknown Pin: Pin D5-1
Add Pin To Net: Unknown Pin: Pin D5-2
Add Pin To Net: Unknown Pin: Pin D6-1
Add Pin To Net: Unknown Pin: Pin D6-2
Add Pin To Net: Unknown Pin: Pin D7-1
Add Pin To Net: Unknown Pin: Pin D7-2
Add Pin To Net: Unknown Pin: Pin D8-1
Add Pin To Net: Unknown Pin: Pin D8-2
Add Pin To Net: Unknown Pin: Pin D9-1
Add Pin To Net: Unknown Pin: Pin D9-2
Add Pin To Net: Unknown Pin: Pin DR1-1
Add Pin To Net: Unknown Pin: Pin DR1-3
Add Pin To Net: Unknown Pin: Pin DR1-4
Add Pin To Net: Unknown Pin: Pin DR1-5
Add Pin To Net: Unknown Pin: Pin DR1-6
Add Pin To Net: Unknown Pin: Pin DR1-7
Add Pin To Net: Unknown Pin: Pin DR1-8
Add Pin To Net: Unknown Pin: Pin DR2-1
Add Pin To Net: Unknown Pin: Pin DR2-2
Add Pin To Net: Unknown Pin: Pin DR2-3
Add Pin To Net: Unknown Pin: Pin DR2-4
Add Pin To Net: Unknown Pin: Pin DR2-5
Add Pin To Net: Unknown Pin: Pin DR2-6
Add Pin To Net: Unknown Pin: Pin DR2-7
Add Pin To Net: Unknown Pin: Pin DR2-8
Add Pin To Net: Unknown Pin: Pin DR3-1
Add Pin To Net: Unknown Pin: Pin DR3-2
Add Pin To Net: Unknown Pin: Pin DR3-3
Add Pin To Net: Unknown Pin: Pin DR3-4
Add Pin To Net: Unknown Pin: Pin DR3-5
Add Pin To Net: Unknown Pin: Pin DR3-6
Add Pin To Net: Unknown Pin: Pin DR3-7
Add Pin To Net: Unknown Pin: Pin DR3-8
Add Pin To Net: Unknown Pin: Pin R2-1
Add Pin To Net: Unknown Pin: Pin R2-2
Add Pin To Net: Unknown Pin: Pin R3-1
Add Pin To Net: Unknown Pin: Pin R3-2
Add Pin To Net: Unknown Pin: Pin R4-1
Add Pin To Net: Unknown Pin: Pin R4-2
Add Pin To Net: Unknown Pin: Pin R5-1
Add Pin To Net: Unknown Pin: Pin R5-2
Add Pin To Net: Unknown Pin: Pin R6-1
Add Pin To Net: Unknown Pin: Pin R6-2
Add Pin To Net: Unknown Pin: Pin R7-1
Add Pin To Net: Unknown Pin: Pin R7-2
Add Pin To Net: Unknown Pin: Pin S_PAD1-1
Add Pin To Net: Unknown Pin: Pin S_PAD2-1
Add Class Member: Failed to add class member : Component C3 Capacitor
Add Class Member: Failed to add class member : Component C6 Capacitor
Add Class Member: Failed to add class member : Component C7 Capacitor
Add Class Member: Failed to add class member : Component C8 Capacitor
Add Class Member: Failed to add class member : Component D1 Diode
Add Class Member: Failed to add class member : Component D2 Diode
Add Class Member: Failed to add class member : Component D3 Diode
Add Class Member: Failed to add class member : Component D4 Diode
Add Class Member: Failed to add class member : Component D5 Diode
Add Class Member: Failed to add class member : Component D6 Diode
Add Class Member: Failed to add class member : Component D7 Diode
Add Class Member: Failed to add class member : Component D8 Diode
Add Class Member: Failed to add class member : Component D9 Diode
Add Class Member: Failed to add class member : Component DR1 GR3115
Add Class Member: Failed to add class member : Component DR2 GR3115
Add Class Member: Failed to add class member : Component DR3 GR3115
Add Class Member: Failed to add class member : Component R2 Resistor
Add Class Member: Failed to add class member : Component R3 Resistor
Add Class Member: Failed to add class member : Component R4 Resistor
Add Class Member: Failed to add class member : Component R5 Resistor
Add Class Member: Failed to add class member : Component R6 Resistor
Add Class Member: Failed to add class member : Component R7 Resistor
Add Class Member: Failed to add class member : Component S_PAD1 SOLDER_PAD
Add Class Member: Failed to add class member : Component S_PAD2 SOLDER_PAD
