Change Component Comment : Designator=TP1 Old Comment==Value New Comment=Value
Change Component Comment : Designator=TP2 Old Comment==Value New Comment=Value
Change Component Comment : Designator=TP3 Old Comment==Value New Comment=Value
Change Component Comment : Designator=TP4 Old Comment==Value New Comment=Value
Change Component Comment : Designator=TP5 Old Comment==Value New Comment=Value
Change Component Comment : Designator=TP6 Old Comment==Value New Comment=Value
Change Component Comment : Designator=TP7 Old Comment==Value New Comment=Value
Change Component Comment : Designator=TP8 Old Comment==Value New Comment=Value
Change Component Comment : Designator=TP9 Old Comment==Value New Comment=Value
Change Component Comment : Designator=TP10 Old Comment==Value New Comment=Value
Change Component Comment : Designator=TP11 Old Comment==Value New Comment=Value
Change Component Comment : Designator=TP12 Old Comment==Value New Comment=Value
Change Component Comment : Designator=TP13 Old Comment==Value New Comment=Value
Added Component: Designator=TP14(PCBComponent_1)
Added Component: Designator=TP15(PCBComponent_1)
Added Component: Designator=TP16(PCBComponent_1)
Added Component: Designator=TP17(PCBComponent_1)
Added Component: Designator=TP18(PCBComponent_1)
Added Component: Designator=TP19(PCBComponent_1)
Added Component: Designator=TP20(PCBComponent_1)
Added Component: Designator=TP21(PCBComponent_1)
Added Component: Designator=TP22(PCBComponent_1)
Added Component: Designator=U1(ADI-RM-10_M)
Add component (AddParameter): Name = "Code_JEDEC"; Value = "MO-187-BA"; VariantName = "[No Variations]"
Add component (AddParameter): Name = "Compliance Range (V)"; Value = "650mV"; VariantName = "[No Variations]"
Add component (AddParameter): Name = "ComponentLink1Description"; Value = "Manufacturer URL"; VariantName = "[No Variations]"
Add component (AddParameter): Name = "ComponentLink1URL"; Value = "www.analog.com"; VariantName = "[No Variations]"
Add component (AddParameter): Name = "ComponentLink2Description"; Value = "Datasheet"; VariantName = "[No Variations]"
Add component (AddParameter): Name = "ComponentLink2URL"; Value = "http://www.analog.com/static/imported-files/data_sheets/AD9833.pdf"; VariantName = "[No Variations]"
Add component (AddParameter): Name = "ComponentLink3Description"; Value = "Package Specification"; VariantName = "[No Variations]"
Add component (AddParameter): Name = "ComponentLink3URL"; Value = "http://www.analog.com/static/imported-files/packages/PKG_PDF/MSOP%28RM%29/RM_10.pdf"; VariantName = "[No Variations]"
Add component (AddParameter): Name = "DatasheetVersion"; Value = "Rev. D"; VariantName = "[No Variations]"
Add component (AddParameter): Name = "FS Iout (mA nom)"; Value = "3mA"; VariantName = "[No Variations]"
Add component (AddParameter): Name = "I Supply total (max)"; Value = "5.5mA"; VariantName = "[No Variations]"
Add component (AddParameter): Name = "I/O Interface"; Value = "Serial"; VariantName = "[No Variations]"
Add component (AddParameter): Name = "Master fclk"; Value = "25MHz"; VariantName = "[No Variations]"
Add component (AddParameter): Name = "PackageDescription"; Value = "10-Lead Mini Small Outline Package [MSOP]"; VariantName = "[No Variations]"
Add component (AddParameter): Name = "PackageReference"; Value = "RM-10"; VariantName = "[No Variations]"
Add component (AddParameter): Name = "PackageVersion"; Value = "5/8/2005"; VariantName = "[No Variations]"
Add component (AddParameter): Name = "REFCLK Multiplier"; Value = "No"; VariantName = "[No Variations]"
Add component (AddParameter): Name = "Resolution (Bits)"; Value = "10bit"; VariantName = "[No Variations]"
Add component (AddParameter): Name = "Tuning Word Width (bits)"; Value = "28bit"; VariantName = "[No Variations]"
Added Component: Designator=U?(FP-RGE0024J-MFG)
Add component (AddParameter): Name = "Max Operating Temperature"; Value = "125°C"; VariantName = "[No Variations]"
Add component (AddParameter): Name = "Min Operating Temperature"; Value = "-40°C"; VariantName = "[No Variations]"
Added Component: Designator=U?(MSOP-MS8_N)
Add component (AddParameter): Name = "Amplifier Type"; Value = "GENERAL PURPOSE"; VariantName = "[No Variations]"
Add component (AddParameter): Name = "Bandwidth"; Value = "14kHz"; VariantName = "[No Variations]"
Add component (AddParameter): Name = "Case/Package"; Value = "MSOP"; VariantName = "[No Variations]"
Add component (AddParameter): Name = "Common Mode Rejection Ratio"; Value = "60dB"; VariantName = "[No Variations]"
Add component (AddParameter): Name = "Gain Bandwidth Product"; Value = "14kHz"; VariantName = "[No Variations]"
Add component (AddParameter): Name = "Height"; Value = "0.195inch"; VariantName = "[No Variations]"
Add component (AddParameter): Name = "Input Bias Current"; Value = "1pA"; VariantName = "[No Variations]"
Add component (AddParameter): Name = "Input Offset Voltage (Vos)"; Value = "3mV"; VariantName = "[No Variations]"
Add component (AddParameter): Name = "Lead Free"; Value = "Lead Free"; VariantName = "[No Variations]"
Add component (AddParameter): Name = "Length"; Value = "10.16mm"; VariantName = "[No Variations]"
Add component (AddParameter): Name = "Max Operating Temperature"; Value = "125°C"; VariantName = "[No Variations]"
Add component (AddParameter): Name = "Max Supply Voltage"; Value = "6V"; VariantName = "[No Variations]"
Add component (AddParameter): Name = "Min Operating Temperature"; Value = "-40°C"; VariantName = "[No Variations]"
Add component (AddParameter): Name = "Min Supply Voltage"; Value = "1.4V"; VariantName = "[No Variations]"
Add component (AddParameter): Name = "Mount"; Value = "Surface Mount"; VariantName = "[No Variations]"
Add component (AddParameter): Name = "Nominal Supply Current"; Value = "600nA"; VariantName = "[No Variations]"
Add component (AddParameter): Name = "Number of Amplifiers"; Value = "2"; VariantName = "[No Variations]"
Add component (AddParameter): Name = "Number of Channels"; Value = "2"; VariantName = "[No Variations]"
Add component (AddParameter): Name = "Number of Circuits"; Value = "2"; VariantName = "[No Variations]"
Add component (AddParameter): Name = "Number of Elements"; Value = "2"; VariantName = "[No Variations]"
Add component (AddParameter): Name = "Number of Pins"; Value = "8"; VariantName = "[No Variations]"
Add component (AddParameter): Name = "Operating Supply Voltage"; Value = "5.5V"; VariantName = "[No Variations]"
Add component (AddParameter): Name = "Output Current"; Value = "21mA"; VariantName = "[No Variations]"
Add component (AddParameter): Name = "Package Quantity"; Value = "100"; VariantName = "[No Variations]"
Add component (AddParameter): Name = "Packaging"; Value = "Rail/Tube"; VariantName = "[No Variations]"
Add component (AddParameter): Name = "Power Supply Rejection Ratio (PSRR)"; Value = "70dB"; VariantName = "[No Variations]"
Add component (AddParameter): Name = "Radiation Hardening"; Value = "No"; VariantName = "[No Variations]"
Add component (AddParameter): Name = "REACH SVHC"; Value = "No SVHC"; VariantName = "[No Variations]"
Add component (AddParameter): Name = "RoHS Compliant"; Value = "Yes"; VariantName = "[No Variations]"
Add component (AddParameter): Name = "Slew Rate"; Value = "0.003V/µs"; VariantName = "[No Variations]"
Add component (AddParameter): Name = "Supply Current"; Value = "600nA"; VariantName = "[No Variations]"
Add component (AddParameter): Name = "Technology"; Value = "CMOS"; VariantName = "[No Variations]"
Add component (AddParameter): Name = "Unity Gain Bandwidth Product"; Value = "14kHz"; VariantName = "[No Variations]"
Add component (AddParameter): Name = "Voltage Gain"; Value = "115dB"; VariantName = "[No Variations]"
Add component (AddParameter): Name = "Width"; Value = "0.28inch"; VariantName = "[No Variations]"
Added Component: Designator=U?(FP-AMS1117-IPC_C)
Add component (AddParameter): Name = "Automotive"; Value = "No"; VariantName = "[No Variations]"
Add component (AddParameter): Name = "Category"; Value = "IC"; VariantName = "[No Variations]"
Add component (AddParameter): Name = "ComponentLink2Description"; Value = "Datasheet"; VariantName = "[No Variations]"
Add component (AddParameter): Name = "ComponentLink2URL"; Value = "http://www.advanced-monolithic.com/pdf/ds1117.pdf"; VariantName = "[No Variations]"
Add component (AddParameter): Name = "Device Class L1"; Value = "Integrated Circuits (ICs)"; VariantName = "[No Variations]"
Add component (AddParameter): Name = "Device Class L2"; Value = "Power Management ICs"; VariantName = "[No Variations]"
Add component (AddParameter): Name = "Device Class L3"; Value = "Voltage Regulators - Linear"; VariantName = "[No Variations]"
Add component (AddParameter): Name = "Dropout Voltage"; Value = "1.1V"; VariantName = "[No Variations]"
Add component (AddParameter): Name = "Height"; Value = "1.8mm"; VariantName = "[No Variations]"
Add component (AddParameter): Name = "Ipc Land Pattern Name"; Value = "SOT229P700X180-4"; VariantName = "[No Variations]"
Add component (AddParameter): Name = "Lead Free"; Value = "Yes"; VariantName = "[No Variations]"
Add component (AddParameter): Name = "Manufacturer"; Value = "Advanced Monolithic Systems"; VariantName = "[No Variations]"
Add component (AddParameter): Name = "Manufacturer Part Number"; Value = "AMS1117-3.3"; VariantName = "[No Variations]"
Add component (AddParameter): Name = "Max Junction Temp"; Value = "+125°C"; VariantName = "[No Variations]"
Add component (AddParameter): Name = "Max Power Dissipation"; Value = "1.2W"; VariantName = "[No Variations]"
Add component (AddParameter): Name = "Max Supply Voltage"; Value = "15V"; VariantName = "[No Variations]"
Add component (AddParameter): Name = "Nominal Supply Current"; Value = "5mA"; VariantName = "[No Variations]"
Add component (AddParameter): Name = "Number Of Outputs"; Value = "1"; VariantName = "[No Variations]"
Add component (AddParameter): Name = "Octopart"; Value = "https://octopart.com/ams1117-3.3-advanced+monolithic+systems-25899300"; VariantName = "[No Variations]"
Add component (AddParameter): Name = "Output Current"; Value = "1A"; VariantName = "[No Variations]"
Add component (AddParameter): Name = "Output Type"; Value = "Fixed"; VariantName = "[No Variations]"
Add component (AddParameter): Name = "Output Voltage"; Value = "3.3V"; VariantName = "[No Variations]"
Add component (AddParameter): Name = "Package"; Value = "AMS1117"; VariantName = "[No Variations]"
Add component (AddParameter): Name = "RoHS"; Value = "TRUE"; VariantName = "[No Variations]"
Add component (AddParameter): Name = "Standoff Height"; Value = "0.64mm"; VariantName = "[No Variations]"
Add component (AddParameter): Name = "Temperature"; Value = "-40°C to +125°C"; VariantName = "[No Variations]"
Add component (AddParameter): Name = "Temperature Range High"; Value = "+125°C"; VariantName = "[No Variations]"
Add component (AddParameter): Name = "Temperature Range Low"; Value = "-40°C"; VariantName = "[No Variations]"
Add Pin To Net: Unknown Pin: Pin C3-2
Add Pin To Net: Unknown Pin: Pin S_PAD2-1
Added Pin To Net: NetName=NetB1_7 Pin=TP16-1
Added Pin To Net: NetName=NetB1_9 Pin=TP17-1
Added Pin To Net: NetName=NetB1_8 Pin=TP18-1
Added Pin To Net: NetName=GND Pin=TP19-1
Added Pin To Net: NetName=NetB1_6 Pin=TP20-1
Added Pin To Net: NetName=3V3 Pin=TP21-1
Added Pin To Net: NetName=3V3 Pin=U1-2
Added Pin To Net: NetName=GND Pin=U1-4
Added Pin To Net: NetName=NetB1_6 Pin=U1-5
Added Pin To Net: NetName=NetB1_8 Pin=U1-6
Added Pin To Net: NetName=NetB1_9 Pin=U1-7
Added Pin To Net: NetName=NetB1_7 Pin=U1-8
Added Pin To Net: NetName=GND Pin=U1-9
Added Pin To Net: NetName=GND Pin=U?-1
Added Pin To Net: NetName=3V3 Pin=U?-2
Added Pin To Net: NetName=3V3 Pin=U?-4
Added Pin To Net: NetName=GND Pin=U?-4
Added Pin To Net: NetName=12V Pin=U?-3
Added Pin To Net: NetName=12V Pin=U?-8
Added Net: Name=12V
Added Pin To Net: NetName=NetC3_1 Pin=U1-1
Added Net: Name=NetC3_1
Added Pin To Net: NetName=NetTP14_1 Pin=TP14-1
Added Pin To Net: NetName=NetTP14_1 Pin=U1-10
Added Net: Name=NetTP14_1
Added Pin To Net: NetName=NetTP22_1 Pin=TP22-1
Added Pin To Net: NetName=NetTP22_1 Pin=U1-3
Added Net: Name=NetTP22_1
Change Class Name : Old Net Name=MCU New Net Name=Designator
Added Class: Name=ADC_DAC_expansion
Added Rule: Name=Schematic Supply Nets_2
